\BOOKMARK [0][-]{chapter.1}{Introduction}{}% 1
\BOOKMARK [0][-]{chapter.2}{Theoretical Introduction}{}% 2
\BOOKMARK [1][-]{section.2.1}{Textile Engineering}{chapter.2}% 3
\BOOKMARK [2][-]{subsection.2.1.1}{Textile Fibers}{section.2.1}% 4
\BOOKMARK [2][-]{subsection.2.1.2}{Combing Process}{section.2.1}% 5
\BOOKMARK [2][-]{subsection.2.1.3}{Spinning Process}{section.2.1}% 6
\BOOKMARK [2][-]{subsection.2.1.4}{Wavelength}{section.2.1}% 7
\BOOKMARK [2][-]{subsection.2.1.5}{Coefficient of Variation}{section.2.1}% 8
\BOOKMARK [2][-]{subsection.2.1.6}{Variance-length Curve}{section.2.1}% 9
\BOOKMARK [2][-]{subsection.2.1.7}{Spectrogram}{section.2.1}% 10
\BOOKMARK [1][-]{section.2.2}{State of Art}{chapter.2}% 11
\BOOKMARK [2][-]{subsection.2.2.1}{Overview of Yarn Quality Sensors}{section.2.2}% 12
\BOOKMARK [1][-]{section.2.3}{Digital Signal Processing}{chapter.2}% 13
\BOOKMARK [2][-]{subsection.2.3.1}{Discrete Fourier Transform}{section.2.3}% 14
\BOOKMARK [2][-]{subsection.2.3.2}{Fast Fourier Transform}{section.2.3}% 15
\BOOKMARK [2][-]{subsection.2.3.3}{Power spectral density}{section.2.3}% 16
\BOOKMARK [2][-]{subsection.2.3.4}{Decimation}{section.2.3}% 17
\BOOKMARK [1][-]{section.2.4}{Embedded systems and microcontrollers}{chapter.2}% 18
\BOOKMARK [2][-]{subsection.2.4.1}{Embedded systems}{section.2.4}% 19
\BOOKMARK [2][-]{subsection.2.4.2}{DSP Hardware Options}{section.2.4}% 20
\BOOKMARK [2][-]{subsection.2.4.3}{Real-time constraints}{section.2.4}% 21
\BOOKMARK [2][-]{subsection.2.4.4}{ARM Cortex-M3}{section.2.4}% 22
\BOOKMARK [0][-]{chapter.3}{Practical Implementation}{}% 23
\BOOKMARK [1][-]{section.3.1}{Sliver Quality Analysis}{chapter.3}% 24
\BOOKMARK [2][-]{subsection.3.1.1}{Hardware}{section.3.1}% 25
\BOOKMARK [1][-]{section.3.2}{Algorithm for Sliver Quality Analysis}{chapter.3}% 26
\BOOKMARK [2][-]{subsection.3.2.1}{Solution for Embedded Systems Constraints}{section.3.2}% 27
\BOOKMARK [2][-]{subsection.3.2.2}{Wavelengths Specification}{section.3.2}% 28
\BOOKMARK [2][-]{subsection.3.2.3}{Processing Branch}{section.3.2}% 29
\BOOKMARK [2][-]{subsection.3.2.4}{Variance-Length Curve}{section.3.2}% 30
\BOOKMARK [2][-]{subsection.3.2.5}{Measurement and Testing}{section.3.2}% 31
\BOOKMARK [2][-]{subsection.3.2.6}{Algorithm Results}{section.3.2}% 32
\BOOKMARK [1][-]{section.3.3}{Yarn Quality Analysis}{chapter.3}% 33
\BOOKMARK [2][-]{subsection.3.3.1}{Hardware}{section.3.3}% 34
\BOOKMARK [2][-]{subsection.3.3.2}{Algorithm for Yarn Quality Analysis}{section.3.3}% 35
\BOOKMARK [2][-]{subsection.3.3.3}{Processing Branch}{section.3.3}% 36
\BOOKMARK [2][-]{subsection.3.3.4}{Flowchart Diagram}{section.3.3}% 37
\BOOKMARK [1][-]{section.3.4}{Description of Designed System}{chapter.3}% 38
\BOOKMARK [2][-]{subsection.3.4.1}{Block Diagram}{section.3.4}% 39
\BOOKMARK [1][-]{section.3.5}{Implementation of Software}{chapter.3}% 40
\BOOKMARK [2][-]{subsection.3.5.1}{Filtration}{section.3.5}% 41
\BOOKMARK [2][-]{subsection.3.5.2}{Detection of Defects}{section.3.5}% 42
\BOOKMARK [2][-]{subsection.3.5.3}{Automatic Evaulation}{section.3.5}% 43
\BOOKMARK [2][-]{subsection.3.5.4}{Example of Designed Application}{section.3.5}% 44
\BOOKMARK [1][-]{section.3.6}{Implementation of Hardware}{chapter.3}% 45
\BOOKMARK [2][-]{subsection.3.6.1}{Electronic Circuits Design}{section.3.6}% 46
\BOOKMARK [2][-]{subsection.3.6.2}{Description of possible sensors}{section.3.6}% 47
\BOOKMARK [2][-]{subsection.3.6.3}{Designed Prototype}{section.3.6}% 48
\BOOKMARK [0][-]{chapter.4}{Conclusions}{}% 49
\BOOKMARK [0][-]{appendix.A}{Bibliography}{}% 50
\BOOKMARK [0][-]{section*.25}{Project Specification}{}% 51
